GroupManagementSample/app/build/intermediates/manifest_merge_blame_file/debug/manifest-merger-blame-debug-report.txt
1<?xml version="1.0" encoding="utf-8"?>
2<manifest xmlns:android="http://schemas.android.com/apk/res/android"
3    package="com.ca.groupmanagementsample"
4    android:versionCode="1"
5    android:versionName="1.0" >
6
7    <uses-sdk
8        android:minSdkVersion="16"
8-->src\main\AndroidManifest.xml
9        android:targetSdkVersion="29" />
9-->src\main\AndroidManifest.xml
10
11    <permission
11-->[vox-cpaas:connectsdk:1.4.2.3] AndroidManifest.xml:11:5-13:47
12        android:name="com.ca.groupmanagementsample.MYPERMISSION"
12-->[vox-cpaas:connectsdk:1.4.2.3] AndroidManifest.xml:12:9-53
13        android:protectionLevel="signature" />
13-->[vox-cpaas:connectsdk:1.4.2.3] AndroidManifest.xml:13:9-44
14
15    <uses-permission android:name="com.ca.groupmanagementsample.MYPERMISSION" />
15-->[vox-cpaas:connectsdk:1.4.2.3] AndroidManifest.xml:15:5-69
15-->[vox-cpaas:connectsdk:1.4.2.3] AndroidManifest.xml:15:22-66
16    <uses-permission android:name="android.permission.INTERNET" />
16-->[vox-cpaas:connectsdk:1.4.2.3] AndroidManifest.xml:16:5-67
16-->[vox-cpaas:connectsdk:1.4.2.3] AndroidManifest.xml:16:22-64
17    <uses-permission android:name="android.permission.WRITE_EXTERNAL_STORAGE" />
17-->[vox-cpaas:connectsdk:1.4.2.3] AndroidManifest.xml:17:5-81
17-->[vox-cpaas:connectsdk:1.4.2.3] AndroidManifest.xml:17:22-78
18    <uses-permission android:name="android.permission.READ_EXTERNAL_STORAGE" />
18-->[vox-cpaas:connectsdk:1.4.2.3] AndroidManifest.xml:18:5-80
18-->[vox-cpaas:connectsdk:1.4.2.3] AndroidManifest.xml:18:22-77
19    <uses-permission android:name="android.permission.READ_CONTACTS" />
19-->[vox-cpaas:connectsdk:1.4.2.3] AndroidManifest.xml:19:5-72
19-->[vox-cpaas:connectsdk:1.4.2.3] AndroidManifest.xml:19:22-69
20    <uses-permission android:name="android.permission.CHANGE_NETWORK_STATE" />
20-->[vox-cpaas:connectsdk:1.4.2.3] AndroidManifest.xml:20:5-79
20-->[vox-cpaas:connectsdk:1.4.2.3] AndroidManifest.xml:20:22-76
21    <uses-permission android:name="android.permission.ACCESS_NETWORK_STATE" />
21-->[vox-cpaas:connectsdk:1.4.2.3] AndroidManifest.xml:21:5-79
21-->[vox-cpaas:connectsdk:1.4.2.3] AndroidManifest.xml:21:22-76
22    <uses-permission android:name="android.permission.ACCESS_WIFI_STATE" />
22-->[vox-cpaas:connectsdk:1.4.2.3] AndroidManifest.xml:22:5-76
22-->[vox-cpaas:connectsdk:1.4.2.3] AndroidManifest.xml:22:22-73
23    <!--
24    <uses-permission android:name="android.permission.RECEIVE_BOOT_COMPLETED" />
25    <uses-permission android:name="android.permission.READ_CALL_LOG" />
26    -->
27    <uses-permission android:name="android.permission.RECORD_AUDIO" />
27-->[vox-cpaas:connectsdk:1.4.2.3] AndroidManifest.xml:28:5-71
27-->[vox-cpaas:connectsdk:1.4.2.3] AndroidManifest.xml:28:22-68
28    <uses-permission android:name="android.permission.MODIFY_AUDIO_SETTINGS" />
28-->[vox-cpaas:connectsdk:1.4.2.3] AndroidManifest.xml:29:5-80
28-->[vox-cpaas:connectsdk:1.4.2.3] AndroidManifest.xml:29:22-77
29    <uses-permission android:name="android.permission.CAMERA" /> <!-- <uses-permission android:name="android.permission.READ_SMS" /> -->
29-->[vox-cpaas:connectsdk:1.4.2.3] AndroidManifest.xml:30:5-65
29-->[vox-cpaas:connectsdk:1.4.2.3] AndroidManifest.xml:30:22-62
30    <uses-permission android:name="android.permission.WAKE_LOCK" />
30-->[vox-cpaas:connectsdk:1.4.2.3] AndroidManifest.xml:32:5-68
30-->[vox-cpaas:connectsdk:1.4.2.3] AndroidManifest.xml:32:22-65
31    <uses-permission android:name="com.android.alarm.permission.SET_ALARM" />
31-->[vox-cpaas:connectsdk:1.4.2.3] AndroidManifest.xml:33:5-78
31-->[vox-cpaas:connectsdk:1.4.2.3] AndroidManifest.xml:33:22-75
32    <uses-permission android:name="android.permission.BLUETOOTH" />
32-->[vox-cpaas:connectsdk:1.4.2.3] AndroidManifest.xml:34:5-68
32-->[vox-cpaas:connectsdk:1.4.2.3] AndroidManifest.xml:34:22-65
33    <uses-permission android:name="android.permission.BLUETOOTH_ADMIN" />
33-->[vox-cpaas:connectsdk:1.4.2.3] AndroidManifest.xml:35:5-74
33-->[vox-cpaas:connectsdk:1.4.2.3] AndroidManifest.xml:35:22-71
34    <!--
35    <uses-feature android:name="android.hardware.camera" />
36    <uses-feature android:name="android.hardware.camera.autofocus" />
37    -->
38    <uses-permission android:name="android.permission.READ_PHONE_STATE" />
38-->[vox-cpaas:connectsdk:1.4.2.3] AndroidManifest.xml:40:5-75
38-->[vox-cpaas:connectsdk:1.4.2.3] AndroidManifest.xml:40:22-72
39    <uses-permission android:name="android.permission.ACCESS_COARSE_LOCATION" />
39-->[vox-cpaas:connectsdk:1.4.2.3] AndroidManifest.xml:41:5-81
39-->[vox-cpaas:connectsdk:1.4.2.3] AndroidManifest.xml:41:22-78
40    <uses-permission android:name="android.permission.ACCESS_FINE_LOCATION" />
40-->[vox-cpaas:connectsdk:1.4.2.3] AndroidManifest.xml:42:5-79
40-->[vox-cpaas:connectsdk:1.4.2.3] AndroidManifest.xml:42:22-76
41
42    <uses-feature
42-->[com.google.android.gms:play-services-maps:16.1.0] AndroidManifest.xml:26:5-28:35
43        android:glEsVersion="0x00020000"
43-->[com.google.android.gms:play-services-maps:16.1.0] AndroidManifest.xml:27:9-41
44        android:required="true" /> <!-- Required by older versions of Google Play services to create IID tokens -->
44-->[com.google.android.gms:play-services-maps:16.1.0] AndroidManifest.xml:28:9-32
45    <uses-permission android:name="com.google.android.c2dm.permission.RECEIVE" />
45-->[com.google.firebase:firebase-iid:17.0.4] AndroidManifest.xml:26:5-82
45-->[com.google.firebase:firebase-iid:17.0.4] AndroidManifest.xml:26:22-79
46
47    <application
47-->src\main\AndroidManifest.xml:6:5-96:19
48        android:name="com.ca.app.App"
48-->[vox-cpaas:connectsdk:1.4.2.3] AndroidManifest.xml:46:9-38
49        android:allowBackup="false"
49-->src\main\AndroidManifest.xml:7:9-36
50        android:appComponentFactory="androidx.core.app.CoreComponentFactory"
50-->[androidx.core:core:1.0.0] AndroidManifest.xml:22:18-86
51        android:debuggable="true"
52        android:icon="@mipmap/ic_launcher"
52-->src\main\AndroidManifest.xml:8:9-43
53        android:label="@string/app_name"
53-->src\main\AndroidManifest.xml:9:9-41
54        android:largeHeap="true"
54-->[vox-cpaas:connectsdk:1.4.2.3] AndroidManifest.xml:48:9-33
55        android:roundIcon="@mipmap/ic_launcher_round"
55-->src\main\AndroidManifest.xml:10:9-54
56        android:supportsRtl="true"
56-->src\main\AndroidManifest.xml:11:9-35
57        android:testOnly="true"
58        android:theme="@style/AppTheme" >
58-->src\main\AndroidManifest.xml:12:9-40
59        <activity
59-->src\main\AndroidManifest.xml:14:9-21:20
60            android:name="com.ca.groupmanagementsample.SplashActivity"
60-->src\main\AndroidManifest.xml:15:13-71
61            android:screenOrientation="portrait" >
61-->src\main\AndroidManifest.xml:16:13-49
62            <intent-filter>
62-->src\main\AndroidManifest.xml:17:13-20:29
63                <action android:name="android.intent.action.MAIN" />
63-->src\main\AndroidManifest.xml:18:17-69
63-->src\main\AndroidManifest.xml:18:25-66
64
65                <category android:name="android.intent.category.LAUNCHER" />
65-->src\main\AndroidManifest.xml:19:17-77
65-->src\main\AndroidManifest.xml:19:27-74
66            </intent-filter>
67        </activity>
68        <activity
68-->src\main\AndroidManifest.xml:22:9-27:56
69            android:name="com.ca.groupmanagementsample.CreateGroupActivity"
69-->src\main\AndroidManifest.xml:23:13-76
70            android:configChanges="keyboardHidden|orientation|screenSize"
70-->src\main\AndroidManifest.xml:24:13-74
71            android:exported="false"
71-->src\main\AndroidManifest.xml:25:13-37
72            android:screenOrientation="portrait"
72-->src\main\AndroidManifest.xml:26:13-49
73            android:theme="@style/AppTheme" />
73-->src\main\AndroidManifest.xml:27:13-44
74        <activity
74-->src\main\AndroidManifest.xml:28:9-33:57
75            android:name="com.ca.groupmanagementsample.ManageGroupActivity"
75-->src\main\AndroidManifest.xml:29:13-76
76            android:configChanges="keyboardHidden|orientation|screenSize"
76-->src\main\AndroidManifest.xml:30:13-74
77            android:exported="false"
77-->src\main\AndroidManifest.xml:31:13-37
78            android:screenOrientation="portrait"
78-->src\main\AndroidManifest.xml:32:13-49
79            android:theme="@style/AppTheme1" />
79-->src\main\AndroidManifest.xml:33:13-45
80        <activity
80-->src\main\AndroidManifest.xml:34:9-39:56
81            android:name="com.ca.groupmanagementsample.EditGroupInfoActivity"
81-->src\main\AndroidManifest.xml:35:13-78
82            android:configChanges="keyboardHidden|orientation|screenSize"
82-->src\main\AndroidManifest.xml:36:13-74
83            android:exported="false"
83-->src\main\AndroidManifest.xml:37:13-37
84            android:screenOrientation="portrait"
84-->src\main\AndroidManifest.xml:38:13-49
85            android:theme="@style/AppTheme" />
85-->src\main\AndroidManifest.xml:39:13-44
86        <activity
86-->src\main\AndroidManifest.xml:40:9-45:57
87            android:name="com.ca.groupmanagementsample.ShowAppContactsMultiSelectActivity"
87-->src\main\AndroidManifest.xml:41:13-91
88            android:configChanges="keyboardHidden|orientation|screenSize"
88-->src\main\AndroidManifest.xml:42:13-74
89            android:exported="false"
89-->src\main\AndroidManifest.xml:43:13-37
90            android:screenOrientation="portrait"
90-->src\main\AndroidManifest.xml:44:13-49
91            android:theme="@style/AppTheme1" />
91-->src\main\AndroidManifest.xml:45:13-45
92        <activity
92-->src\main\AndroidManifest.xml:46:9-50:61
93            android:name="com.ca.groupmanagementsample.ActivationActivity"
93-->src\main\AndroidManifest.xml:47:13-75
94            android:configChanges="keyboardHidden|orientation|screenSize"
94-->src\main\AndroidManifest.xml:48:13-74
95            android:exported="false"
95-->src\main\AndroidManifest.xml:49:13-37
96            android:screenOrientation="portrait" />
96-->src\main\AndroidManifest.xml:50:13-49
97        <activity
97-->src\main\AndroidManifest.xml:51:9-55:61
98            android:name="com.ca.groupmanagementsample.MainActivity"
98-->src\main\AndroidManifest.xml:52:13-69
99            android:configChanges="keyboardHidden|orientation|screenSize"
99-->src\main\AndroidManifest.xml:53:13-74
100            android:exported="false"
100-->src\main\AndroidManifest.xml:54:13-37
101            android:screenOrientation="portrait" />
101-->src\main\AndroidManifest.xml:55:13-49
102        <activity
102-->src\main\AndroidManifest.xml:56:9-60:51
103            android:name="com.ca.groupmanagementsample.LoginActivity"
103-->src\main\AndroidManifest.xml:57:13-70
104            android:configChanges="keyboardHidden|orientation|screenSize"
104-->src\main\AndroidManifest.xml:58:13-74
105            android:exported="false"
105-->src\main\AndroidManifest.xml:59:13-37
106            android:screenOrientation="portrait" />
106-->src\main\AndroidManifest.xml:60:13-49
107        <activity
107-->src\main\AndroidManifest.xml:61:9-65:61
108            android:name="com.ca.groupmanagementsample.EmptyActivity"
108-->src\main\AndroidManifest.xml:62:13-70
109            android:configChanges="keyboardHidden|orientation|screenSize"
109-->src\main\AndroidManifest.xml:63:13-74
110            android:exported="false"
110-->src\main\AndroidManifest.xml:64:13-37
111            android:screenOrientation="portrait" />
111-->src\main\AndroidManifest.xml:65:13-49
112        <activity
112-->src\main\AndroidManifest.xml:66:9-70:61
113            android:name="com.ca.groupmanagementsample.SignUpActivity"
113-->src\main\AndroidManifest.xml:67:13-71
114            android:configChanges="keyboardHidden|orientation|screenSize"
114-->src\main\AndroidManifest.xml:68:13-74
115            android:exported="false"
115-->src\main\AndroidManifest.xml:69:13-37
116            android:screenOrientation="portrait" />
116-->src\main\AndroidManifest.xml:70:13-49
117        <activity
117-->src\main\AndroidManifest.xml:71:9-73:61
118            android:name="com.ca.groupmanagementsample.AboutActivity"
118-->src\main\AndroidManifest.xml:72:13-70
119            android:screenOrientation="portrait" />
119-->src\main\AndroidManifest.xml:73:13-49
120
121        <service android:name="com.ca.groupmanagementsample.FireBaseMessagingService" >
121-->src\main\AndroidManifest.xml:74:9-78:19
121-->src\main\AndroidManifest.xml:74:18-86
122            <intent-filter>
122-->src\main\AndroidManifest.xml:75:13-77:29
123                <action android:name="com.google.firebase.MESSAGING_EVENT" />
123-->src\main\AndroidManifest.xml:76:17-78
123-->src\main\AndroidManifest.xml:76:25-75
124            </intent-filter>
125        </service>
126
127        <receiver
127-->src\main\AndroidManifest.xml:79:9-85:20
128            android:name="com.ca.receivers.CSUserJoined"
128-->src\main\AndroidManifest.xml:80:13-57
129            android:exported="false" >
129-->src\main\AndroidManifest.xml:81:13-37
130            <intent-filter>
130-->src\main\AndroidManifest.xml:82:13-84:29
131                <action android:name="CSUserJoined" />
131-->src\main\AndroidManifest.xml:83:17-55
131-->src\main\AndroidManifest.xml:83:25-52
132            </intent-filter>
133        </receiver>
134        <receiver
134-->src\main\AndroidManifest.xml:87:9-93:20
135            android:name="com.ca.receivers.CSGroupNotificationReceiver"
135-->src\main\AndroidManifest.xml:88:13-72
136            android:exported="false" >
136-->src\main\AndroidManifest.xml:89:13-37
137            <intent-filter>
137-->src\main\AndroidManifest.xml:90:13-92:29
138                <action android:name="CSGroupNotificationReceiver" />
138-->src\main\AndroidManifest.xml:91:17-70
138-->src\main\AndroidManifest.xml:91:25-67
139            </intent-filter>
140        </receiver>
141
142        <provider
142-->[vox-cpaas:connectsdk:1.4.2.3] AndroidManifest.xml:49:9-52:40
143            android:name="com.cacore.db.IAmLiveDataProvider"
143-->[vox-cpaas:connectsdk:1.4.2.3] AndroidManifest.xml:50:13-61
144            android:authorities="com.ca.groupmanagementsample"
144-->[vox-cpaas:connectsdk:1.4.2.3] AndroidManifest.xml:51:13-51
145            android:exported="false" /> <!-- android:permission="${applicationId}.MYPERMISSION" -->
145-->[vox-cpaas:connectsdk:1.4.2.3] AndroidManifest.xml:52:13-37
146        <service
146-->[vox-cpaas:connectsdk:1.4.2.3] AndroidManifest.xml:54:9-57:66
147            android:name="com.cacore.services.CACommonService"
147-->[vox-cpaas:connectsdk:1.4.2.3] AndroidManifest.xml:55:13-63
148            android:exported="false"
148-->[vox-cpaas:connectsdk:1.4.2.3] AndroidManifest.xml:56:13-37
149            android:permission="com.ca.groupmanagementsample.MYPERMISSION" />
149-->[vox-cpaas:connectsdk:1.4.2.3] AndroidManifest.xml:57:13-63
150        <service
150-->[vox-cpaas:connectsdk:1.4.2.3] AndroidManifest.xml:58:9-62:66
151            android:name="com.amazonaws.mobileconnectors.s3.transferutility.TransferService"
151-->[vox-cpaas:connectsdk:1.4.2.3] AndroidManifest.xml:59:13-93
152            android:enabled="true"
152-->[vox-cpaas:connectsdk:1.4.2.3] AndroidManifest.xml:60:13-35
153            android:exported="false"
153-->[vox-cpaas:connectsdk:1.4.2.3] AndroidManifest.xml:61:13-37
154            android:permission="com.ca.groupmanagementsample.MYPERMISSION" />
154-->[vox-cpaas:connectsdk:1.4.2.3] AndroidManifest.xml:62:13-63
155        <!--
156        <service
157            android:name="com.example.services.MyFirebaseMessagingService">
158            <intent-filter>
159                <action android:name="com.google.firebase.MESSAGING_EVENT"/>
160            </intent-filter>
161        </service>
162        <service
163            android:name="com.example.services.MyFirebaseInstanceIDService">
164            <intent-filter>
165                <action android:name="com.google.firebase.INSTANCE_ID_EVENT"/>
166            </intent-filter>
167        </service>
168        -->
169        <!--
170        <receiver android:permission="${applicationId}.MYPERMISSION"
171            android:name="com.example.receivers.RestartSlaveService"
172            android:exported="false">
173            <intent-filter>
174                <action
175                    android:name="com.ca.iamliverestartservice"
176                     />
177                <action android:name="android.intent.action.BOOT_COMPLETED" />
178            </intent-filter>
179        </receiver>
180
181        <receiver android:permission="${applicationId}.MYPERMISSION"
182            android:name="com.example.receivers.AwsDownloadStatusReceiver"
183            android:exported="false">
184            <intent-filter>
185                <action
186                    android:name="AwsDownloadStatusReceiver"
187                     />
188            </intent-filter>
189        </receiver>
190        -->
191        <receiver
191-->[vox-cpaas:connectsdk:1.4.2.3] AndroidManifest.xml:103:9-110:20
192            android:name="com.cacore.receivers.MyReceiver"
192-->[vox-cpaas:connectsdk:1.4.2.3] AndroidManifest.xml:104:13-59
193            android:exported="false"
193-->[vox-cpaas:connectsdk:1.4.2.3] AndroidManifest.xml:105:13-37
194            android:permission="com.ca.groupmanagementsample.MYPERMISSION" >
194-->[vox-cpaas:connectsdk:1.4.2.3] AndroidManifest.xml:106:13-63
195            <intent-filter>
195-->[vox-cpaas:connectsdk:1.4.2.3] AndroidManifest.xml:107:13-109:29
196                <action android:name="MyReceiver" />
196-->[vox-cpaas:connectsdk:1.4.2.3] AndroidManifest.xml:108:17-53
196-->[vox-cpaas:connectsdk:1.4.2.3] AndroidManifest.xml:108:25-50
197            </intent-filter>
198        </receiver>
199        <receiver
199-->[vox-cpaas:connectsdk:1.4.2.3] AndroidManifest.xml:111:9-119:20
200            android:name="com.cacore.receivers.TimeChangeedReceiver"
200-->[vox-cpaas:connectsdk:1.4.2.3] AndroidManifest.xml:112:13-69
201            android:exported="false"
201-->[vox-cpaas:connectsdk:1.4.2.3] AndroidManifest.xml:113:13-37
202            android:permission="com.ca.groupmanagementsample.MYPERMISSION" >
202-->[vox-cpaas:connectsdk:1.4.2.3] AndroidManifest.xml:114:13-63
203            <intent-filter>
203-->[vox-cpaas:connectsdk:1.4.2.3] AndroidManifest.xml:115:13-118:29
204                <action android:name="android.intent.action.TIMEZONE_CHANGED" />
204-->[vox-cpaas:connectsdk:1.4.2.3] AndroidManifest.xml:116:17-81
204-->[vox-cpaas:connectsdk:1.4.2.3] AndroidManifest.xml:116:25-78
205                <action android:name="android.intent.action.TIME_SET" />
205-->[vox-cpaas:connectsdk:1.4.2.3] AndroidManifest.xml:117:17-73
205-->[vox-cpaas:connectsdk:1.4.2.3] AndroidManifest.xml:117:25-70
206            </intent-filter>
207        </receiver>
208        <receiver
208-->[vox-cpaas:connectsdk:1.4.2.3] AndroidManifest.xml:120:9-129:20
209            android:name="com.cacore.receivers.NWMonitor"
209-->[vox-cpaas:connectsdk:1.4.2.3] AndroidManifest.xml:121:13-58
210            android:exported="false"
210-->[vox-cpaas:connectsdk:1.4.2.3] AndroidManifest.xml:122:13-37
211            android:permission="com.ca.groupmanagementsample.MYPERMISSION" >
211-->[vox-cpaas:connectsdk:1.4.2.3] AndroidManifest.xml:123:13-63
212            <intent-filter>
212-->[vox-cpaas:connectsdk:1.4.2.3] AndroidManifest.xml:124:13-128:29
213
214                <!-- <action android:name="android.net.conn.CONNECTIVITY_CHANGE"/> -->
215                <action android:name="com.ca.iamlivenetworkerror" />
215-->[vox-cpaas:connectsdk:1.4.2.3] AndroidManifest.xml:127:17-69
215-->[vox-cpaas:connectsdk:1.4.2.3] AndroidManifest.xml:127:25-66
216            </intent-filter>
217        </receiver>
218        <!--
219             FirebaseMessagingService performs security checks at runtime,
220             no need for explicit permissions despite exported="true"
221        -->
222        <service
222-->[com.google.firebase:firebase-messaging:17.3.4] AndroidManifest.xml:28:9-34:19
223            android:name="com.google.firebase.messaging.FirebaseMessagingService"
223-->[com.google.firebase:firebase-messaging:17.3.4] AndroidManifest.xml:29:13-82
224            android:exported="true" >
224-->[com.google.firebase:firebase-messaging:17.3.4] AndroidManifest.xml:30:13-36
225            <intent-filter android:priority="-500" >
225-->src\main\AndroidManifest.xml:75:13-77:29
226                <action android:name="com.google.firebase.MESSAGING_EVENT" />
226-->src\main\AndroidManifest.xml:76:17-78
226-->src\main\AndroidManifest.xml:76:25-75
227            </intent-filter>
228        </service> <!-- Needs to be explicitly declared on P+ -->
229        <uses-library
229-->[com.google.android.gms:play-services-maps:16.1.0] AndroidManifest.xml:33:9-35:40
230            android:name="org.apache.http.legacy"
230-->[com.google.android.gms:play-services-maps:16.1.0] AndroidManifest.xml:34:13-50
231            android:required="false" />
231-->[com.google.android.gms:play-services-maps:16.1.0] AndroidManifest.xml:35:13-37
232
233        <service
233-->[com.google.firebase:firebase-iid:17.0.4] AndroidManifest.xml:29:9-35:19
234            android:name="com.google.firebase.components.ComponentDiscoveryService"
234-->[com.google.firebase:firebase-iid:17.0.4] AndroidManifest.xml:30:13-84
235            android:exported="false" >
235-->[com.google.firebase:firebase-iid:17.0.4] AndroidManifest.xml:31:13-37
236            <meta-data
236-->[com.google.firebase:firebase-iid:17.0.4] AndroidManifest.xml:32:13-34:85
237                android:name="com.google.firebase.components:com.google.firebase.iid.Registrar"
237-->[com.google.firebase:firebase-iid:17.0.4] AndroidManifest.xml:33:17-96
238                android:value="com.google.firebase.components.ComponentRegistrar" />
238-->[com.google.firebase:firebase-iid:17.0.4] AndroidManifest.xml:34:17-82
239        </service>
240
241        <receiver
241-->[com.google.firebase:firebase-iid:17.0.4] AndroidManifest.xml:37:9-44:20
242            android:name="com.google.firebase.iid.FirebaseInstanceIdReceiver"
242-->[com.google.firebase:firebase-iid:17.0.4] AndroidManifest.xml:38:13-78
243            android:exported="true"
243-->[com.google.firebase:firebase-iid:17.0.4] AndroidManifest.xml:39:13-36
244            android:permission="com.google.android.c2dm.permission.SEND" >
244-->[com.google.firebase:firebase-iid:17.0.4] AndroidManifest.xml:40:13-73
245            <intent-filter>
245-->[com.google.firebase:firebase-iid:17.0.4] AndroidManifest.xml:41:13-43:29
246                <action android:name="com.google.android.c2dm.intent.RECEIVE" />
246-->[com.google.firebase:firebase-iid:17.0.4] AndroidManifest.xml:42:17-81
246-->[com.google.firebase:firebase-iid:17.0.4] AndroidManifest.xml:42:25-78
247            </intent-filter>
248        </receiver>
249        <!--
250             FirebaseInstanceIdService performs security checks at runtime,
251             no need for explicit permissions despite exported="true"
252        -->
253        <service
253-->[com.google.firebase:firebase-iid:17.0.4] AndroidManifest.xml:50:9-56:19
254            android:name="com.google.firebase.iid.FirebaseInstanceIdService"
254-->[com.google.firebase:firebase-iid:17.0.4] AndroidManifest.xml:51:13-77
255            android:exported="true" >
255-->[com.google.firebase:firebase-iid:17.0.4] AndroidManifest.xml:52:13-36
256            <intent-filter android:priority="-500" >
256-->[com.google.firebase:firebase-iid:17.0.4] AndroidManifest.xml:53:13-55:29
256-->[com.google.firebase:firebase-iid:17.0.4] AndroidManifest.xml:53:28-51
257                <action android:name="com.google.firebase.INSTANCE_ID_EVENT" />
257-->[com.google.firebase:firebase-iid:17.0.4] AndroidManifest.xml:54:17-80
257-->[com.google.firebase:firebase-iid:17.0.4] AndroidManifest.xml:54:25-77
258            </intent-filter>
259        </service>
260
261        <provider
261-->[com.google.firebase:firebase-common:16.0.3] AndroidManifest.xml:10:9-14:39
262            android:name="com.google.firebase.provider.FirebaseInitProvider"
262-->[com.google.firebase:firebase-common:16.0.3] AndroidManifest.xml:11:13-77
263            android:authorities="com.ca.groupmanagementsample.firebaseinitprovider"
263-->[com.google.firebase:firebase-common:16.0.3] AndroidManifest.xml:12:13-72
264            android:exported="false"
264-->[com.google.firebase:firebase-common:16.0.3] AndroidManifest.xml:13:13-37
265            android:initOrder="100" />
265-->[com.google.firebase:firebase-common:16.0.3] AndroidManifest.xml:14:13-36
266
267        <activity
267-->[com.google.android.gms:play-services-base:16.0.1] AndroidManifest.xml:23:9-26:75
268            android:name="com.google.android.gms.common.api.GoogleApiActivity"
268-->[com.google.android.gms:play-services-base:16.0.1] AndroidManifest.xml:24:13-79
269            android:exported="false"
269-->[com.google.android.gms:play-services-base:16.0.1] AndroidManifest.xml:25:13-37
270            android:theme="@android:style/Theme.Translucent.NoTitleBar" />
270-->[com.google.android.gms:play-services-base:16.0.1] AndroidManifest.xml:26:13-72
271
272        <meta-data
272-->[com.google.android.gms:play-services-basement:16.0.1] AndroidManifest.xml:23:9-25:69
273            android:name="com.google.android.gms.version"
273-->[com.google.android.gms:play-services-basement:16.0.1] AndroidManifest.xml:24:13-58
274            android:value="@integer/google_play_services_version" />
274-->[com.google.android.gms:play-services-basement:16.0.1] AndroidManifest.xml:25:13-66
275    </application>
276
277</manifest>